<?xml version="1.0" encoding="UTF-8"?>
<!-- Generated by org.testng.reporters.JUnitReportReporter -->
<testsuite hostname="PIL-D-O-15-009" failures="0" tests="4" name="testCases.Login" time="20.855" errors="0" timestamp="2021-08-25T20:40:58 IST" skipped="1">
  <testcase classname="testCases.Login" name="ValidUserandinvalidPass" time="0.047"/>
  <system-out/>
  <testcase classname="testCases.Login" name="invalidUserIdandPassword" time="13.439"/>
  <system-out/>
  <testcase classname="testCases.Login" name="ValidUserIdandPassword" time="7.369"/>
  <system-out/>
  <testcase classname="testCases.Login" name="invalidUserandPassword">
    <skipped/>
  </testcase> <!-- invalidUserandPassword -->
  <system-out/>
</testsuite> <!-- testCases.Login -->
