<?xml version="1.0" encoding="UTF-8"?>
<!-- Generated by org.testng.reporters.JUnitReportReporter -->
<testsuite hostname="PIL-D-O-15-009" failures="0" tests="9" name="testCases.Suggest_Station" time="93.657" errors="0" timestamp="2021-08-11T11:55:00 IST" skipped="0">
  <testcase classname="testCases.Suggest_Station" name="validateNavigatetoSuggestStation" time="6.538"/>
  <system-out/>
  <testcase classname="testCases.Suggest_Station" name="validateBreadCrumbs" time="0.036"/>
  <system-out/>
  <testcase classname="testCases.Suggest_Station" name="validateGridOnPageLoad" time="0.115"/>
  <system-out/>
  <testcase classname="testCases.Suggest_Station" name="validateSearchCriteriaDropdown" time="28.949"/>
  <system-out/>
  <testcase classname="testCases.Suggest_Station" name="validateStatusDropDownFilter" time="21.740"/>
  <system-out/>
  <testcase classname="testCases.Suggest_Station" name="validatePSTypeDropDownFilter" time="11.148"/>
  <system-out/>
  <testcase classname="testCases.Suggest_Station" name="ClickDelete" time="15.176"/>
  <system-out/>
  <testcase classname="testCases.Suggest_Station" name="validateDeleteStation" time="6.423"/>
  <system-out/>
  <testcase classname="testCases.Suggest_Station" name="validateNavigatetoAddStation" time="3.532"/>
  <system-out/>
</testsuite> <!-- testCases.Suggest_Station -->
