<?xml version="1.0" encoding="UTF-8"?>
<!-- Generated by org.testng.reporters.JUnitReportReporter -->
<testsuite hostname="PIL-D-O-15-009" failures="0" tests="1" name="testCases.ManageStudent_Profile" time="0.005" errors="0" timestamp="2021-07-22T18:42:37 IST" skipped="0">
  <testcase classname="testCases.ManageStudent_Profile" name="ValiduserinvalidPass" time="0.005"/>
  <system-out/>
</testsuite> <!-- testCases.ManageStudent_Profile -->
