<?xml version="1.0" encoding="UTF-8"?>
<!-- Generated by org.testng.reporters.JUnitReportReporter -->
<testsuite hostname="PIL-D-O-15-009" failures="0" tests="4" name="testCases.Login" time="26.660" errors="0" timestamp="2021-10-21T22:03:46 IST" skipped="1">
  <testcase classname="testCases.Login" name="ValidUserandinvalidPass" time="1.879"/>
  <system-out/>
  <testcase classname="testCases.Login" name="InvalidUserIdandPassword" time="12.991"/>
  <system-out/>
  <testcase classname="testCases.Login" name="ValidUserIdandPassword" time="11.790"/>
  <system-out/>
  <testcase classname="testCases.Login" name="InvalidUserandPassword">
    <skipped/>
  </testcase> <!-- InvalidUserandPassword -->
  <system-out/>
</testsuite> <!-- testCases.Login -->
