<?xml version="1.0" encoding="UTF-8"?>
<!-- Generated by org.testng.reporters.JUnitReportReporter -->
<testsuite hostname="PIL-D-O-15-009" failures="0" tests="3" name="testCases.Login" time="24.745" errors="0" timestamp="2021-12-10T17:54:59 IST" skipped="0">
  <testcase classname="testCases.Login" name="ValidUserandInvalidPass" time="0.083"/>
  <system-out/>
  <testcase classname="testCases.Login" name="InvalidUserIdandPassword" time="12.377"/>
  <system-out/>
  <testcase classname="testCases.Login" name="ValidUserIdandPassword" time="12.285"/>
  <system-out/>
</testsuite> <!-- testCases.Login -->
