<?xml version="1.0" encoding="UTF-8"?>
<!-- Generated by org.testng.reporters.JUnitReportReporter -->
<testsuite hostname="PIL-D-O-15-009" failures="0" tests="4" name="testCases.Login" time="24.755" errors="0" timestamp="2021-11-22T15:17:24 IST" skipped="1">
  <testcase classname="testCases.Login" name="ValidUserandinvalidPass" time="0.080"/>
  <system-out/>
  <testcase classname="testCases.Login" name="InvalidUserIdandPassword" time="12.961"/>
  <system-out/>
  <testcase classname="testCases.Login" name="ValidUserIdandPassword" time="11.714"/>
  <system-out/>
  <testcase classname="testCases.Login" name="InvalidUserandPassword">
    <skipped/>
  </testcase> <!-- InvalidUserandPassword -->
  <system-out/>
</testsuite> <!-- testCases.Login -->
