<?xml version="1.0" encoding="UTF-8"?>
<!-- Generated by org.testng.reporters.JUnitReportReporter -->
<testsuite hostname="PIL-D-O-15-009" failures="0" tests="4" name="testCases.Login" time="23.326" errors="0" timestamp="2021-10-13T10:55:08 IST" skipped="1">
  <testcase classname="testCases.Login" name="ValidUserandinvalidPass" time="0.043"/>
  <system-out/>
  <testcase classname="testCases.Login" name="InvalidUserIdandPassword" time="11.686"/>
  <system-out/>
  <testcase classname="testCases.Login" name="ValidUserIdandPassword" time="11.597"/>
  <system-out/>
  <testcase classname="testCases.Login" name="InvalidUserandPassword">
    <skipped/>
  </testcase> <!-- InvalidUserandPassword -->
  <system-out/>
</testsuite> <!-- testCases.Login -->
