<?xml version="1.0" encoding="UTF-8"?>
<!-- Generated by org.testng.reporters.JUnitReportReporter -->
<testsuite hostname="PIL-D-O-15-009" failures="0" tests="3" name="testCases.Faculty_Suggest_Station_Detail" time="69.780" errors="0" timestamp="2021-08-13T18:16:27 IST" skipped="0">
  <testcase classname="testCases.Faculty_Suggest_Station_Detail" name="validateNavigatetoAddStation" time="2.623"/>
  <system-out/>
  <testcase classname="testCases.Faculty_Suggest_Station_Detail" name="VerifyAddedStation" time="15.808"/>
  <system-out/>
  <testcase classname="testCases.Faculty_Suggest_Station_Detail" name="VerifyEditExistingStation" time="51.349"/>
  <system-out/>
</testsuite> <!-- testCases.Faculty_Suggest_Station_Detail -->
