<?xml version="1.0" encoding="UTF-8"?>
<!-- Generated by org.testng.reporters.JUnitReportReporter -->
<testsuite hostname="PIL-D-O-15-009" failures="0" tests="3" name="testCases.Login" time="28.109" errors="0" timestamp="2021-12-31T20:02:35 IST" skipped="0">
  <testcase classname="testCases.Login" name="ValidUserandInvalidPass" time="0.132"/>
  <system-out/>
  <testcase classname="testCases.Login" name="InvalidUserIdandPassword" time="14.259"/>
  <system-out/>
  <testcase classname="testCases.Login" name="ValidUserIdandPassword" time="13.718"/>
  <system-out/>
</testsuite> <!-- testCases.Login -->
