<?xml version="1.0" encoding="UTF-8"?>
<!-- Generated by org.testng.reporters.JUnitReportReporter -->
<testsuite hostname="PIL-L-O-22-031" failures="0" tests="4" name="testCases.Login" time="97.852" errors="0" timestamp="2022-07-26T13:52:21 IST" skipped="0">
  <testcase classname="testCases.Login" name="TestWithoutCredentials" time="13.174"/>
  <system-out/>
  <testcase classname="testCases.Login" name="ValidUserandInvalidPassword" time="5.858"/>
  <system-out/>
  <testcase classname="testCases.Login" name="InvalidUserIdandPassword" time="11.743"/>
  <system-out/>
  <testcase classname="testCases.Login" name="ValidUserIdandPassword" time="67.077"/>
  <system-out/>
</testsuite> <!-- testCases.Login -->
