<?xml version="1.0" encoding="UTF-8"?>
<!-- Generated by org.testng.reporters.JUnitReportReporter -->
<testsuite hostname="PIL-D-O-15-009" failures="0" tests="3" name="testCases.Login" time="24.703" errors="0" timestamp="2022-01-21T10:13:44 IST" skipped="0">
  <testcase classname="testCases.Login" name="ValidUserandInvalidPass" time="0.048"/>
  <system-out/>
  <testcase classname="testCases.Login" name="InvalidUserIdandPassword" time="12.198"/>
  <system-out/>
  <testcase classname="testCases.Login" name="ValidUserIdandPassword" time="12.457"/>
  <system-out/>
</testsuite> <!-- testCases.Login -->
