<?xml version="1.0" encoding="UTF-8"?>
<!-- Generated by org.testng.reporters.JUnitReportReporter -->
<testsuite hostname="PIL-D-O-15-009" failures="0" tests="8" name="testCases.Faculty_Suggest_Station_List" time="86.104" errors="0" timestamp="2021-08-13T12:36:47 IST" skipped="0">
  <testcase classname="testCases.Faculty_Suggest_Station_List" name="validateNavigatetoSuggestStation" time="5.469"/>
  <system-out/>
  <testcase classname="testCases.Faculty_Suggest_Station_List" name="validateBreadCrumbs" time="0.036"/>
  <system-out/>
  <testcase classname="testCases.Faculty_Suggest_Station_List" name="validateGridOnPageLoad" time="0.120"/>
  <system-out/>
  <testcase classname="testCases.Faculty_Suggest_Station_List" name="validateSearchCriteriaDropdown" time="29.453"/>
  <system-out/>
  <testcase classname="testCases.Faculty_Suggest_Station_List" name="validateStatusDropDownFilter" time="21.508"/>
  <system-out/>
  <testcase classname="testCases.Faculty_Suggest_Station_List" name="validatePSTypeDropDownFilter" time="11.195"/>
  <system-out/>
  <testcase classname="testCases.Faculty_Suggest_Station_List" name="ClickDelete" time="15.430"/>
  <system-out/>
  <testcase classname="testCases.Faculty_Suggest_Station_List" name="validateNavigatetoAddStation" time="2.893"/>
  <system-out/>
</testsuite> <!-- testCases.Faculty_Suggest_Station_List -->
