<?xml version="1.0" encoding="UTF-8"?>
<!-- Generated by org.testng.reporters.JUnitReportReporter -->
<testsuite hostname="PIL-D-O-15-009" failures="0" tests="4" name="testCases.Login" time="23.604" errors="0" timestamp="2021-10-25T22:30:20 IST" skipped="1">
  <testcase classname="testCases.Login" name="ValidUserandinvalidPass" time="0.046"/>
  <system-out/>
  <testcase classname="testCases.Login" name="InvalidUserIdandPassword" time="11.650"/>
  <system-out/>
  <testcase classname="testCases.Login" name="ValidUserIdandPassword" time="11.908"/>
  <system-out/>
  <testcase classname="testCases.Login" name="InvalidUserandPassword">
    <skipped/>
  </testcase> <!-- InvalidUserandPassword -->
  <system-out/>
</testsuite> <!-- testCases.Login -->
